setting 'ivy.default.settings.dir' to 'jar:file:/C:/Users/Steve/bin/sbt-launch-0.7.5.jar!/org/apache/ivy/core/settings'
setting 'ivy.basedir' to 'C:\Users\Steve\IdeaProjects\ParserCombinators\MuellerScript\.'
setting 'ivy.default.conf.dir' to 'jar:file:/C:/Users/Steve/bin/sbt-launch-0.7.5.jar!/org/apache/ivy/core/settings'
impossible to define new type: class not found: org.apache.ivy.plugins.version.PatternVersionMatcher in [] nor Ivy classloader
impossible to define new type: class not found: org.apache.ivy.plugins.trigger.LogTrigger in [] nor Ivy classloader
impossible to define new type: class not found: org.apache.ivy.plugins.resolver.VsftpResolver in [] nor Ivy classloader
impossible to define new type: class not found: org.apache.ivy.plugins.conflict.RegexpConflictManager in [] nor Ivy classloader
impossible to define new type: class not found: org.apache.ivy.plugins.resolver.SshResolver in [] nor Ivy classloader
impossible to define new type: class not found: org.apache.ivy.plugins.resolver.VfsResolver in [] nor Ivy classloader
impossible to define new type: class not found: org.apache.ivy.plugins.signer.bouncycastle.OpenPGPSignatureGenerator in [] nor Ivy classloader
impossible to define new type: class not found: org.apache.ivy.plugins.resolver.SFTPResolver in [] nor Ivy classloader
impossible to define new type: class not found: org.apache.ivy.plugins.resolver.packager.PackagerResolver in [] nor Ivy classloader
impossible to define new type: class not found: org.apache.ivy.ant.AntCallTrigger in [] nor Ivy classloader
impossible to define new type: class not found: org.apache.ivy.plugins.resolver.IvyRepResolver in [] nor Ivy classloader
impossible to define new type: class not found: org.apache.ivy.ant.AntBuildTrigger in [] nor Ivy classloader
impossible to define glob matcher: org.apache.ivy.plugins.matcher.GlobPatternMatcher was not found.
setting 'java.runtime.name' to 'Java(TM) SE Runtime Environment'
setting 'sun.boot.library.path' to 'C:\Progra~2\Java\jre6\bin'
setting 'java.vm.version' to '19.1-b02'
setting 'java.vm.vendor' to 'Sun Microsystems Inc.'
setting 'java.vendor.url' to 'http://java.sun.com/'
setting 'path.separator' to ';'
setting 'java.vm.name' to 'Java HotSpot(TM) Client VM'
setting 'file.encoding.pkg' to 'sun.io'
setting 'sun.java.launcher' to 'SUN_STANDARD'
setting 'user.country' to 'US'
setting 'sun.os.patch.level' to 'Service Pack 1'
setting 'java.vm.specification.name' to 'Java Virtual Machine Specification'
setting 'user.dir' to 'C:\Users\Steve\IdeaProjects\ParserCombinators\MuellerScript'
setting 'java.runtime.version' to '1.6.0_24-b07'
setting 'java.awt.graphicsenv' to 'sun.awt.Win32GraphicsEnvironment'
setting 'java.endorsed.dirs' to 'C:\Progra~2\Java\jre6\lib\endorsed'
setting 'os.arch' to 'x86'
setting 'java.io.tmpdir' to 'C:\Users\Steve\AppData\Local\Temp\'
setting 'line.separator' to '
'
setting 'java.vm.specification.vendor' to 'Sun Microsystems Inc.'
setting 'user.variant' to ''
setting 'os.name' to 'Windows 7'
setting 'sun.jnu.encoding' to 'Cp1252'
setting 'java.library.path' to 'C:\Progra~2\Java\jre6\bin;.;C:\windows\Sun\Java\bin;C:\windows\system32;C:\windows;%SystemRoot%\system32\WindowsPowerShell\v1.0\;C:\Program Files (x86)\Haskell\bin;C:\Program Files (x86)\Haskell Platform\2011.2.0.0\lib\extralibs\bin;C:\Program Files (x86)\Haskell Platform\2011.2.0.0\bin;C:\Program Files (x86)\clisp-2.49;C:\Program Files (x86)\Mercurial\bin;c:\Program Files (x86)\Microsoft SQL Server\90\Tools\binn\;C:\Users\Steve\AppData\Roaming\cabal\bin;c:\opt\gtk\bin;C:\mongodb-win32-x86_64-1.6.3\bin;C:\Users\Steve\bin;c:\Program Files (x86)\Subversion\bin;c:\play-1.1;C:\Program Files (x86)\eviware\soapUI-3.5\bin;C:\Program Files\Apache Software Foundation\apache-maven-2.2.1\bin;C:\Program Files (x86)\typesafe-stack\bin;C:\Progra~2\Java\jre6\bin;c:\android-sdk-windows\tools;C:\Users\Steve'
setting 'java.specification.name' to 'Java Platform API Specification'
setting 'java.class.version' to '50.0'
setting 'sun.management.compiler' to 'HotSpot Client Compiler'
setting 'os.version' to '6.1'
setting 'user.home' to 'C:\Users\Steve'
setting 'user.timezone' to 'America/Denver'
setting 'java.awt.printerjob' to 'sun.awt.windows.WPrinterJob'
setting 'file.encoding' to 'Cp1252'
setting 'java.specification.version' to '1.6'
setting 'java.class.path' to 'C:\Users\Steve\bin\sbt-launch-0.7.5.jar'
setting 'user.name' to 'Steve'
setting 'java.vm.specification.version' to '1.0'
setting 'java.home' to 'C:\Progra~2\Java\jre6'
setting 'sun.arch.data.model' to '32'
setting 'user.language' to 'en'
setting 'java.specification.vendor' to 'Sun Microsystems Inc.'
setting 'awt.toolkit' to 'sun.awt.windows.WToolkit'
setting 'java.vm.info' to 'mixed mode, sharing'
setting 'java.version' to '1.6.0_24'
setting 'java.ext.dirs' to 'C:\Progra~2\Java\jre6\lib\ext;C:\windows\Sun\Java\lib\ext'
setting 'sun.boot.class.path' to 'C:\Progra~2\Java\jre6\lib\resources.jar;C:\Progra~2\Java\jre6\lib\rt.jar;C:\Progra~2\Java\jre6\lib\sunrsasign.jar;C:\Progra~2\Java\jre6\lib\jsse.jar;C:\Progra~2\Java\jre6\lib\jce.jar;C:\Progra~2\Java\jre6\lib\charsets.jar;C:\Progra~2\Java\jre6\lib\modules\jdk.boot.jar;C:\Progra~2\Java\jre6\classes'
setting 'java.vendor' to 'Sun Microsystems Inc.'
setting 'file.separator' to '\'
setting 'java.vendor.url.bug' to 'http://java.sun.com/cgi-bin/bugreport.cgi'
setting 'sun.io.unicode.encoding' to 'UnicodeLittle'
setting 'sun.cpu.endian' to 'little'
setting 'sun.desktop' to 'windows'
setting 'sun.cpu.isalist' to 'pentium_pro+mmx pentium_pro pentium+mmx pentium i486 i386 i86'
setting 'ivy.default.ivy.user.dir' to 'C:\Users\Steve\.ivy2'
setting 'ivy.home' to 'C:\Users\Steve\.ivy2'
no default ivy user dir defined: set to C:\Users\Steve\.ivy2
setting 'ivy.cache.dir' to 'C:\Users\Steve\.ivy2\cache'
no default cache defined: set to C:\Users\Steve\.ivy2\cache
setting 'ivy.basedir' to 'C:\Users\Steve\IdeaProjects\ParserCombinators\MuellerScript\project\boot'
setting 'basedir' to 'C:\Users\Steve\IdeaProjects\ParserCombinators\MuellerScript\project\boot'
setting 'scala' to '2.9.0'
:: resolving dependencies :: org.scala-tools.sbt#boot-scala;1.0
	confs: [default]
	validate = true
	refresh = false
resolving dependencies for configuration 'default'
== resolving dependencies for org.scala-tools.sbt#boot-scala;1.0 [default]
loadData of org.scala-tools.sbt#boot-scala;1.0 of rootConf=default
== resolving dependencies org.scala-tools.sbt#boot-scala;1.0->org.scala-lang#scala-compiler;2.9.0 [default->default]
loadData of org.scala-lang#scala-compiler;2.9.0 of rootConf=default
	using redefined-public to resolve org.scala-lang#scala-compiler;2.9.0
redefined-public: Checking cache for: dependency: org.scala-lang#scala-compiler;2.9.0 {default=[default]}
redefined-public: no namespace defined: using system
	no ivy file in cache for org.scala-lang#scala-compiler;2.9.0: tried C:\Users\Steve\.ivy2\cache\org.scala-lang\scala-compiler\ivy-2.9.0.xml
redefined-public: no latest strategy defined: using default
local: no namespace defined: using system
	no ivy file in cache for org.scala-lang#scala-compiler;2.9.0: tried C:\Users\Steve\.ivy2\cache\org.scala-lang\scala-compiler\ivy-2.9.0.xml
	 trying C:\Users\Steve\.ivy2/local/org.scala-lang/scala-compiler/2.9.0/ivys/ivy.xml
		tried C:\Users\Steve\.ivy2/local/org.scala-lang/scala-compiler/2.9.0/ivys/ivy.xml
	local: resource not reachable for org.scala-lang#scala-compiler;2.9.0: res=C:\Users\Steve\.ivy2\local\org.scala-lang\scala-compiler\2.9.0\ivys\ivy.xml
	 trying C:\Users\Steve\.ivy2/local/org.scala-lang/scala-compiler/2.9.0/jars/scala-compiler.jar
		tried C:\Users\Steve\.ivy2/local/org.scala-lang/scala-compiler/2.9.0/jars/scala-compiler.jar
	local: resource not reachable for org.scala-lang#scala-compiler;2.9.0: res=C:\Users\Steve\.ivy2\local\org.scala-lang\scala-compiler\2.9.0\jars\scala-compiler.jar
	local: no ivy file nor artifact found for org.scala-lang#scala-compiler;2.9.0
Maven2 Local: no namespace defined: using system
	no ivy file in cache for org.scala-lang#scala-compiler;2.9.0: tried C:\Users\Steve\.ivy2\cache\org.scala-lang\scala-compiler\ivy-2.9.0.xml
	 trying file://C:\Users\Steve/.m2/repository/org/scala-lang/scala-compiler/2.9.0/scala-compiler-2.9.0.pom
		tried file://C:\Users\Steve/.m2/repository/org/scala-lang/scala-compiler/2.9.0/scala-compiler-2.9.0.pom
	Maven2 Local: resource not reachable for org/scala-lang#scala-compiler;2.9.0: res=file://C:/Users/Steve/.m2/repository/org/scala-lang/scala-compiler/2.9.0/scala-compiler-2.9.0.pom
	 trying file://C:\Users\Steve/.m2/repository/org/scala-lang/scala-compiler/2.9.0/scala-compiler-2.9.0.jar
		tried file://C:\Users\Steve/.m2/repository/org/scala-lang/scala-compiler/2.9.0/scala-compiler-2.9.0.jar
	Maven2 Local: resource not reachable for org/scala-lang#scala-compiler;2.9.0: res=file://C:/Users/Steve/.m2/repository/org/scala-lang/scala-compiler/2.9.0/scala-compiler-2.9.0.jar
	Maven2 Local: no ivy file nor artifact found for org.scala-lang#scala-compiler;2.9.0
sbt-db: no namespace defined: using system
	no ivy file in cache for org.scala-lang#scala-compiler;2.9.0: tried C:\Users\Steve\.ivy2\cache\org.scala-lang\scala-compiler\ivy-2.9.0.xml
	 trying http://databinder.net/repo/org.scala-lang/scala-compiler/2.9.0/ivys/ivy.xml
		tried http://databinder.net/repo/org.scala-lang/scala-compiler/2.9.0/ivys/ivy.xml
HTTP response status: 404 url=http://databinder.net/repo/org.scala-lang/scala-compiler/2.9.0/ivys/ivy.xml
CLIENT ERROR: Not Found url=http://databinder.net/repo/org.scala-lang/scala-compiler/2.9.0/ivys/ivy.xml
	sbt-db: resource not reachable for org.scala-lang#scala-compiler;2.9.0: res=http://databinder.net/repo/org.scala-lang/scala-compiler/2.9.0/ivys/ivy.xml
	 trying http://databinder.net/repo/org.scala-lang/scala-compiler/2.9.0/jars/scala-compiler.jar
		tried http://databinder.net/repo/org.scala-lang/scala-compiler/2.9.0/jars/scala-compiler.jar
HTTP response status: 404 url=http://databinder.net/repo/org.scala-lang/scala-compiler/2.9.0/jars/scala-compiler.jar
CLIENT ERROR: Not Found url=http://databinder.net/repo/org.scala-lang/scala-compiler/2.9.0/jars/scala-compiler.jar
	sbt-db: resource not reachable for org.scala-lang#scala-compiler;2.9.0: res=http://databinder.net/repo/org.scala-lang/scala-compiler/2.9.0/jars/scala-compiler.jar
	sbt-db: no ivy file nor artifact found for org.scala-lang#scala-compiler;2.9.0
Maven Central: no namespace defined: using system
	no ivy file in cache for org.scala-lang#scala-compiler;2.9.0: tried C:\Users\Steve\.ivy2\cache\org.scala-lang\scala-compiler\ivy-2.9.0.xml
	 trying http://repo1.maven.org/maven2/org/scala-lang/scala-compiler/2.9.0/scala-compiler-2.9.0.pom
		tried http://repo1.maven.org/maven2/org/scala-lang/scala-compiler/2.9.0/scala-compiler-2.9.0.pom
	Maven Central: found md file for org.scala-lang#scala-compiler;2.9.0
		=> http://repo1.maven.org/maven2/org/scala-lang/scala-compiler/2.9.0/scala-compiler-2.9.0.pom (2.9.0)
	parser = pom parser
	no ivy file in cache for org.scala-lang#scala-compiler;2.9.0: tried C:\Users\Steve\.ivy2\cache\org.scala-lang\scala-compiler\ivy-2.9.0.xml
downloading http://repo1.maven.org/maven2/org/scala-lang/scala-compiler/2.9.0/scala-compiler-2.9.0.pom ...
	Maven Central: downloading http://repo1.maven.org/maven2/org/scala-lang/scala-compiler/2.9.0/scala-compiler-2.9.0.pom
		to C:\Users\Steve\.ivy2\cache\org.scala-lang\scala-compiler\ivy-2.9.0.xml.original.part
	[SUCCESSFUL ] org.scala-lang#scala-compiler;2.9.0!scala-compiler.pom(pom.original) (272ms)
	 trying C:\Users\Steve\.ivy2/local/org.scala-lang/scala-compiler/2.9.0/jars/scala-compiler.jar
		tried C:\Users\Steve\.ivy2/local/org.scala-lang/scala-compiler/2.9.0/jars/scala-compiler.jar
	local: resource not reachable for org.scala-lang#scala-compiler;2.9.0: res=C:\Users\Steve\.ivy2\local\org.scala-lang\scala-compiler\2.9.0\jars\scala-compiler.jar
	 trying file://C:\Users\Steve/.m2/repository/org/scala-lang/scala-compiler/2.9.0/scala-compiler-2.9.0.jar
		tried file://C:\Users\Steve/.m2/repository/org/scala-lang/scala-compiler/2.9.0/scala-compiler-2.9.0.jar
	Maven2 Local: resource not reachable for org/scala-lang#scala-compiler;2.9.0: res=file://C:/Users/Steve/.m2/repository/org/scala-lang/scala-compiler/2.9.0/scala-compiler-2.9.0.jar
	 trying http://databinder.net/repo/org.scala-lang/scala-compiler/2.9.0/jars/scala-compiler.jar
		tried http://databinder.net/repo/org.scala-lang/scala-compiler/2.9.0/jars/scala-compiler.jar
	sbt-db: resource not reachable for org.scala-lang#scala-compiler;2.9.0: res=http://databinder.net/repo/org.scala-lang/scala-compiler/2.9.0/jars/scala-compiler.jar
	 trying http://repo1.maven.org/maven2/org/scala-lang/scala-compiler/2.9.0/scala-compiler-2.9.0.jar
		tried http://repo1.maven.org/maven2/org/scala-lang/scala-compiler/2.9.0/scala-compiler-2.9.0.jar
	 trying C:\Users\Steve\.ivy2/local/org.scala-lang/scala-compiler/2.9.0/sources/scala-compiler-sources.jar
		tried C:\Users\Steve\.ivy2/local/org.scala-lang/scala-compiler/2.9.0/sources/scala-compiler-sources.jar
	local: resource not reachable for org.scala-lang#scala-compiler;2.9.0: res=C:\Users\Steve\.ivy2\local\org.scala-lang\scala-compiler\2.9.0\sources\scala-compiler-sources.jar
	 trying file://C:\Users\Steve/.m2/repository/org/scala-lang/scala-compiler/2.9.0/scala-compiler-2.9.0-sources.jar
		tried file://C:\Users\Steve/.m2/repository/org/scala-lang/scala-compiler/2.9.0/scala-compiler-2.9.0-sources.jar
	Maven2 Local: resource not reachable for org/scala-lang#scala-compiler;2.9.0: res=file://C:/Users/Steve/.m2/repository/org/scala-lang/scala-compiler/2.9.0/scala-compiler-2.9.0-sources.jar
	 trying http://databinder.net/repo/org.scala-lang/scala-compiler/2.9.0/sources/scala-compiler-sources.jar
		tried http://databinder.net/repo/org.scala-lang/scala-compiler/2.9.0/sources/scala-compiler-sources.jar
HTTP response status: 404 url=http://databinder.net/repo/org.scala-lang/scala-compiler/2.9.0/sources/scala-compiler-sources.jar
CLIENT ERROR: Not Found url=http://databinder.net/repo/org.scala-lang/scala-compiler/2.9.0/sources/scala-compiler-sources.jar
	sbt-db: resource not reachable for org.scala-lang#scala-compiler;2.9.0: res=http://databinder.net/repo/org.scala-lang/scala-compiler/2.9.0/sources/scala-compiler-sources.jar
	 trying http://repo1.maven.org/maven2/org/scala-lang/scala-compiler/2.9.0/scala-compiler-2.9.0-sources.jar
		tried http://repo1.maven.org/maven2/org/scala-lang/scala-compiler/2.9.0/scala-compiler-2.9.0-sources.jar
source artifact found for org.scala-lang#scala-compiler;2.9.0
	 trying C:\Users\Steve\.ivy2/local/org.scala-lang/scala-compiler/2.9.0/javadocs/scala-compiler-javadoc.jar
		tried C:\Users\Steve\.ivy2/local/org.scala-lang/scala-compiler/2.9.0/javadocs/scala-compiler-javadoc.jar
	local: resource not reachable for org.scala-lang#scala-compiler;2.9.0: res=C:\Users\Steve\.ivy2\local\org.scala-lang\scala-compiler\2.9.0\javadocs\scala-compiler-javadoc.jar
	 trying file://C:\Users\Steve/.m2/repository/org/scala-lang/scala-compiler/2.9.0/scala-compiler-2.9.0-javadoc.jar
		tried file://C:\Users\Steve/.m2/repository/org/scala-lang/scala-compiler/2.9.0/scala-compiler-2.9.0-javadoc.jar
	Maven2 Local: resource not reachable for org/scala-lang#scala-compiler;2.9.0: res=file://C:/Users/Steve/.m2/repository/org/scala-lang/scala-compiler/2.9.0/scala-compiler-2.9.0-javadoc.jar
	 trying http://databinder.net/repo/org.scala-lang/scala-compiler/2.9.0/javadocs/scala-compiler-javadoc.jar
		tried http://databinder.net/repo/org.scala-lang/scala-compiler/2.9.0/javadocs/scala-compiler-javadoc.jar
HTTP response status: 404 url=http://databinder.net/repo/org.scala-lang/scala-compiler/2.9.0/javadocs/scala-compiler-javadoc.jar
CLIENT ERROR: Not Found url=http://databinder.net/repo/org.scala-lang/scala-compiler/2.9.0/javadocs/scala-compiler-javadoc.jar
	sbt-db: resource not reachable for org.scala-lang#scala-compiler;2.9.0: res=http://databinder.net/repo/org.scala-lang/scala-compiler/2.9.0/javadocs/scala-compiler-javadoc.jar
	 trying http://repo1.maven.org/maven2/org/scala-lang/scala-compiler/2.9.0/scala-compiler-2.9.0-javadoc.jar
		tried http://repo1.maven.org/maven2/org/scala-lang/scala-compiler/2.9.0/scala-compiler-2.9.0-javadoc.jar
HTTP response status: 404 url=http://repo1.maven.org/maven2/org/scala-lang/scala-compiler/2.9.0/scala-compiler-2.9.0-javadoc.jar
CLIENT ERROR: Not Found url=http://repo1.maven.org/maven2/org/scala-lang/scala-compiler/2.9.0/scala-compiler-2.9.0-javadoc.jar
	Maven Central: resource not reachable for org/scala-lang#scala-compiler;2.9.0: res=http://repo1.maven.org/maven2/org/scala-lang/scala-compiler/2.9.0/scala-compiler-2.9.0-javadoc.jar
Scala-Tools Maven2 Repository: no namespace defined: using system
	 trying http://scala-tools.org/repo-releases/org/scala-lang/scala-compiler/2.9.0/scala-compiler-2.9.0-javadoc.jar
		tried http://scala-tools.org/repo-releases/org/scala-lang/scala-compiler/2.9.0/scala-compiler-2.9.0-javadoc.jar
HTTP response status: 404 url=http://scala-tools.org/repo-releases/org/scala-lang/scala-compiler/2.9.0/scala-compiler-2.9.0-javadoc.jar
CLIENT ERROR: Not Found url=http://scala-tools.org/repo-releases/org/scala-lang/scala-compiler/2.9.0/scala-compiler-2.9.0-javadoc.jar
	Scala-Tools Maven2 Repository: resource not reachable for org/scala-lang#scala-compiler;2.9.0: res=http://scala-tools.org/repo-releases/org/scala-lang/scala-compiler/2.9.0/scala-compiler-2.9.0-javadoc.jar
Scala-Tools Maven2 Snapshots Repository: no namespace defined: using system
	 trying http://scala-tools.org/repo-snapshots/org/scala-lang/scala-compiler/2.9.0/scala-compiler-2.9.0-javadoc.jar
		tried http://scala-tools.org/repo-snapshots/org/scala-lang/scala-compiler/2.9.0/scala-compiler-2.9.0-javadoc.jar
HTTP response status: 404 url=http://scala-tools.org/repo-snapshots/org/scala-lang/scala-compiler/2.9.0/scala-compiler-2.9.0-javadoc.jar
CLIENT ERROR: Not Found url=http://scala-tools.org/repo-snapshots/org/scala-lang/scala-compiler/2.9.0/scala-compiler-2.9.0-javadoc.jar
	Scala-Tools Maven2 Snapshots Repository: resource not reachable for org/scala-lang#scala-compiler;2.9.0: res=http://scala-tools.org/repo-snapshots/org/scala-lang/scala-compiler/2.9.0/scala-compiler-2.9.0-javadoc.jar
no javadoc artifact found for org.scala-lang#scala-compiler;2.9.0
	default-cache: parsed downloaded md file for org.scala-lang#scala-compiler;2.9.0; parsed=org.scala-lang#scala-compiler;2.9.0
	checking org.scala-lang#scala-compiler;2.9.0 from Maven Central against [none]
	module revision kept as first found: org.scala-lang#scala-compiler;2.9.0 from Maven Central
	found org.scala-lang#scala-compiler;2.9.0 in Maven Central
== resolving dependencies org.scala-tools.sbt#boot-scala;1.0->org.scala-lang#scala-compiler;2.9.0 [default->runtime]
loadData of org.scala-lang#scala-compiler;2.9.0 of rootConf=default
== resolving dependencies org.scala-tools.sbt#boot-scala;1.0->org.scala-lang#scala-compiler;2.9.0 [default->compile]
loadData of org.scala-lang#scala-compiler;2.9.0 of rootConf=default
== resolving dependencies org.scala-lang#scala-compiler;2.9.0->org.scala-lang#scala-library;2.9.0 [compile->master(*)]
loadData of org.scala-lang#scala-library;2.9.0 of rootConf=default
	using redefined-public to resolve org.scala-lang#scala-library;2.9.0
redefined-public: Checking cache for: dependency: org.scala-lang#scala-library;2.9.0 {compile=[compile(*), master(*)], runtime=[runtime(*)]}
	no ivy file in cache for org.scala-lang#scala-library;2.9.0: tried C:\Users\Steve\.ivy2\cache\org.scala-lang\scala-library\ivy-2.9.0.xml
	no ivy file in cache for org.scala-lang#scala-library;2.9.0: tried C:\Users\Steve\.ivy2\cache\org.scala-lang\scala-library\ivy-2.9.0.xml
	 trying C:\Users\Steve\.ivy2/local/org.scala-lang/scala-library/2.9.0/ivys/ivy.xml
		tried C:\Users\Steve\.ivy2/local/org.scala-lang/scala-library/2.9.0/ivys/ivy.xml
	local: resource not reachable for org.scala-lang#scala-library;2.9.0: res=C:\Users\Steve\.ivy2\local\org.scala-lang\scala-library\2.9.0\ivys\ivy.xml
	 trying C:\Users\Steve\.ivy2/local/org.scala-lang/scala-library/2.9.0/jars/scala-library.jar
		tried C:\Users\Steve\.ivy2/local/org.scala-lang/scala-library/2.9.0/jars/scala-library.jar
	local: resource not reachable for org.scala-lang#scala-library;2.9.0: res=C:\Users\Steve\.ivy2\local\org.scala-lang\scala-library\2.9.0\jars\scala-library.jar
	local: no ivy file nor artifact found for org.scala-lang#scala-library;2.9.0
	no ivy file in cache for org.scala-lang#scala-library;2.9.0: tried C:\Users\Steve\.ivy2\cache\org.scala-lang\scala-library\ivy-2.9.0.xml
	 trying file://C:\Users\Steve/.m2/repository/org/scala-lang/scala-library/2.9.0/scala-library-2.9.0.pom
		tried file://C:\Users\Steve/.m2/repository/org/scala-lang/scala-library/2.9.0/scala-library-2.9.0.pom
	Maven2 Local: resource not reachable for org/scala-lang#scala-library;2.9.0: res=file://C:/Users/Steve/.m2/repository/org/scala-lang/scala-library/2.9.0/scala-library-2.9.0.pom
	 trying file://C:\Users\Steve/.m2/repository/org/scala-lang/scala-library/2.9.0/scala-library-2.9.0.jar
		tried file://C:\Users\Steve/.m2/repository/org/scala-lang/scala-library/2.9.0/scala-library-2.9.0.jar
	Maven2 Local: resource not reachable for org/scala-lang#scala-library;2.9.0: res=file://C:/Users/Steve/.m2/repository/org/scala-lang/scala-library/2.9.0/scala-library-2.9.0.jar
	Maven2 Local: no ivy file nor artifact found for org.scala-lang#scala-library;2.9.0
	no ivy file in cache for org.scala-lang#scala-library;2.9.0: tried C:\Users\Steve\.ivy2\cache\org.scala-lang\scala-library\ivy-2.9.0.xml
	 trying http://databinder.net/repo/org.scala-lang/scala-library/2.9.0/ivys/ivy.xml
		tried http://databinder.net/repo/org.scala-lang/scala-library/2.9.0/ivys/ivy.xml
HTTP response status: 404 url=http://databinder.net/repo/org.scala-lang/scala-library/2.9.0/ivys/ivy.xml
CLIENT ERROR: Not Found url=http://databinder.net/repo/org.scala-lang/scala-library/2.9.0/ivys/ivy.xml
	sbt-db: resource not reachable for org.scala-lang#scala-library;2.9.0: res=http://databinder.net/repo/org.scala-lang/scala-library/2.9.0/ivys/ivy.xml
	 trying http://databinder.net/repo/org.scala-lang/scala-library/2.9.0/jars/scala-library.jar
		tried http://databinder.net/repo/org.scala-lang/scala-library/2.9.0/jars/scala-library.jar
HTTP response status: 404 url=http://databinder.net/repo/org.scala-lang/scala-library/2.9.0/jars/scala-library.jar
CLIENT ERROR: Not Found url=http://databinder.net/repo/org.scala-lang/scala-library/2.9.0/jars/scala-library.jar
	sbt-db: resource not reachable for org.scala-lang#scala-library;2.9.0: res=http://databinder.net/repo/org.scala-lang/scala-library/2.9.0/jars/scala-library.jar
	sbt-db: no ivy file nor artifact found for org.scala-lang#scala-library;2.9.0
	no ivy file in cache for org.scala-lang#scala-library;2.9.0: tried C:\Users\Steve\.ivy2\cache\org.scala-lang\scala-library\ivy-2.9.0.xml
	 trying http://repo1.maven.org/maven2/org/scala-lang/scala-library/2.9.0/scala-library-2.9.0.pom
		tried http://repo1.maven.org/maven2/org/scala-lang/scala-library/2.9.0/scala-library-2.9.0.pom
	Maven Central: found md file for org.scala-lang#scala-library;2.9.0
		=> http://repo1.maven.org/maven2/org/scala-lang/scala-library/2.9.0/scala-library-2.9.0.pom (2.9.0)
	parser = pom parser
	no ivy file in cache for org.scala-lang#scala-library;2.9.0: tried C:\Users\Steve\.ivy2\cache\org.scala-lang\scala-library\ivy-2.9.0.xml
downloading http://repo1.maven.org/maven2/org/scala-lang/scala-library/2.9.0/scala-library-2.9.0.pom ...
	Maven Central: downloading http://repo1.maven.org/maven2/org/scala-lang/scala-library/2.9.0/scala-library-2.9.0.pom
		to C:\Users\Steve\.ivy2\cache\org.scala-lang\scala-library\ivy-2.9.0.xml.original.part
	[SUCCESSFUL ] org.scala-lang#scala-library;2.9.0!scala-library.pom(pom.original) (245ms)
	 trying C:\Users\Steve\.ivy2/local/org.scala-lang/scala-library/2.9.0/jars/scala-library.jar
		tried C:\Users\Steve\.ivy2/local/org.scala-lang/scala-library/2.9.0/jars/scala-library.jar
	local: resource not reachable for org.scala-lang#scala-library;2.9.0: res=C:\Users\Steve\.ivy2\local\org.scala-lang\scala-library\2.9.0\jars\scala-library.jar
	 trying file://C:\Users\Steve/.m2/repository/org/scala-lang/scala-library/2.9.0/scala-library-2.9.0.jar
		tried file://C:\Users\Steve/.m2/repository/org/scala-lang/scala-library/2.9.0/scala-library-2.9.0.jar
	Maven2 Local: resource not reachable for org/scala-lang#scala-library;2.9.0: res=file://C:/Users/Steve/.m2/repository/org/scala-lang/scala-library/2.9.0/scala-library-2.9.0.jar
	 trying http://databinder.net/repo/org.scala-lang/scala-library/2.9.0/jars/scala-library.jar
		tried http://databinder.net/repo/org.scala-lang/scala-library/2.9.0/jars/scala-library.jar
	sbt-db: resource not reachable for org.scala-lang#scala-library;2.9.0: res=http://databinder.net/repo/org.scala-lang/scala-library/2.9.0/jars/scala-library.jar
	 trying http://repo1.maven.org/maven2/org/scala-lang/scala-library/2.9.0/scala-library-2.9.0.jar
		tried http://repo1.maven.org/maven2/org/scala-lang/scala-library/2.9.0/scala-library-2.9.0.jar
	 trying C:\Users\Steve\.ivy2/local/org.scala-lang/scala-library/2.9.0/sources/scala-library-sources.jar
		tried C:\Users\Steve\.ivy2/local/org.scala-lang/scala-library/2.9.0/sources/scala-library-sources.jar
	local: resource not reachable for org.scala-lang#scala-library;2.9.0: res=C:\Users\Steve\.ivy2\local\org.scala-lang\scala-library\2.9.0\sources\scala-library-sources.jar
	 trying file://C:\Users\Steve/.m2/repository/org/scala-lang/scala-library/2.9.0/scala-library-2.9.0-sources.jar
		tried file://C:\Users\Steve/.m2/repository/org/scala-lang/scala-library/2.9.0/scala-library-2.9.0-sources.jar
	Maven2 Local: resource not reachable for org/scala-lang#scala-library;2.9.0: res=file://C:/Users/Steve/.m2/repository/org/scala-lang/scala-library/2.9.0/scala-library-2.9.0-sources.jar
	 trying http://databinder.net/repo/org.scala-lang/scala-library/2.9.0/sources/scala-library-sources.jar
		tried http://databinder.net/repo/org.scala-lang/scala-library/2.9.0/sources/scala-library-sources.jar
HTTP response status: 404 url=http://databinder.net/repo/org.scala-lang/scala-library/2.9.0/sources/scala-library-sources.jar
CLIENT ERROR: Not Found url=http://databinder.net/repo/org.scala-lang/scala-library/2.9.0/sources/scala-library-sources.jar
	sbt-db: resource not reachable for org.scala-lang#scala-library;2.9.0: res=http://databinder.net/repo/org.scala-lang/scala-library/2.9.0/sources/scala-library-sources.jar
	 trying http://repo1.maven.org/maven2/org/scala-lang/scala-library/2.9.0/scala-library-2.9.0-sources.jar
		tried http://repo1.maven.org/maven2/org/scala-lang/scala-library/2.9.0/scala-library-2.9.0-sources.jar
source artifact found for org.scala-lang#scala-library;2.9.0
	 trying C:\Users\Steve\.ivy2/local/org.scala-lang/scala-library/2.9.0/javadocs/scala-library-javadoc.jar
		tried C:\Users\Steve\.ivy2/local/org.scala-lang/scala-library/2.9.0/javadocs/scala-library-javadoc.jar
	local: resource not reachable for org.scala-lang#scala-library;2.9.0: res=C:\Users\Steve\.ivy2\local\org.scala-lang\scala-library\2.9.0\javadocs\scala-library-javadoc.jar
	 trying file://C:\Users\Steve/.m2/repository/org/scala-lang/scala-library/2.9.0/scala-library-2.9.0-javadoc.jar
		tried file://C:\Users\Steve/.m2/repository/org/scala-lang/scala-library/2.9.0/scala-library-2.9.0-javadoc.jar
	Maven2 Local: resource not reachable for org/scala-lang#scala-library;2.9.0: res=file://C:/Users/Steve/.m2/repository/org/scala-lang/scala-library/2.9.0/scala-library-2.9.0-javadoc.jar
	 trying http://databinder.net/repo/org.scala-lang/scala-library/2.9.0/javadocs/scala-library-javadoc.jar
		tried http://databinder.net/repo/org.scala-lang/scala-library/2.9.0/javadocs/scala-library-javadoc.jar
HTTP response status: 404 url=http://databinder.net/repo/org.scala-lang/scala-library/2.9.0/javadocs/scala-library-javadoc.jar
CLIENT ERROR: Not Found url=http://databinder.net/repo/org.scala-lang/scala-library/2.9.0/javadocs/scala-library-javadoc.jar
	sbt-db: resource not reachable for org.scala-lang#scala-library;2.9.0: res=http://databinder.net/repo/org.scala-lang/scala-library/2.9.0/javadocs/scala-library-javadoc.jar
	 trying http://repo1.maven.org/maven2/org/scala-lang/scala-library/2.9.0/scala-library-2.9.0-javadoc.jar
		tried http://repo1.maven.org/maven2/org/scala-lang/scala-library/2.9.0/scala-library-2.9.0-javadoc.jar
javadoc artifact found for org.scala-lang#scala-library;2.9.0
	default-cache: parsed downloaded md file for org.scala-lang#scala-library;2.9.0; parsed=org.scala-lang#scala-library;2.9.0
	checking org.scala-lang#scala-library;2.9.0 from Maven Central against [none]
	module revision kept as first found: org.scala-lang#scala-library;2.9.0 from Maven Central
	found org.scala-lang#scala-library;2.9.0 in Maven Central
== resolving dependencies org.scala-lang#scala-compiler;2.9.0->org.scala-lang#scala-library;2.9.0 [compile->compile(*)]
loadData of org.scala-lang#scala-library;2.9.0 of rootConf=default
== resolving dependencies org.scala-lang#scala-compiler;2.9.0->org.scala-lang#scala-library;2.9.0 [compile->default]
loadData of org.scala-lang#scala-library;2.9.0 of rootConf=default
== resolving dependencies org.scala-lang#scala-compiler;2.9.0->org.scala-lang#scala-library;2.9.0 [compile->runtime]
loadData of org.scala-lang#scala-library;2.9.0 of rootConf=default
== resolving dependencies org.scala-lang#scala-compiler;2.9.0->org.scala-lang#scala-library;2.9.0 [compile->compile]
loadData of org.scala-lang#scala-library;2.9.0 of rootConf=default
== resolving dependencies org.scala-lang#scala-compiler;2.9.0->org.scala-lang#scala-library;2.9.0 [compile->master]
loadData of org.scala-lang#scala-library;2.9.0 of rootConf=default
== resolving dependencies org.scala-lang#scala-compiler;2.9.0->org.scala-lang#scala-library;2.9.0 [runtime->runtime(*)]
loadData of org.scala-lang#scala-library;2.9.0 of rootConf=default
== resolving dependencies org.scala-lang#scala-compiler;2.9.0->org.scala-lang#scala-library;2.9.0 [runtime->compile]
loadData of org.scala-lang#scala-library;2.9.0 of rootConf=default
default is loaded and no conf to load.  Skip loading
== resolving dependencies org.scala-tools.sbt#boot-scala;1.0->org.scala-lang#scala-compiler;2.9.0 [default->master]
loadData of org.scala-lang#scala-compiler;2.9.0 of rootConf=default
== resolving dependencies org.scala-tools.sbt#boot-scala;1.0->org.scala-lang#scala-library;2.9.0 [default->default]
loadData of org.scala-lang#scala-library;2.9.0 of rootConf=default
default is loaded and no conf to load.  Skip loading
== resolving dependencies org.scala-tools.sbt#boot-scala;1.0->org.scala-lang#scala-library;2.9.0 [default->runtime]
loadData of org.scala-lang#scala-library;2.9.0 of rootConf=default
default is loaded and no conf to load.  Skip loading
== resolving dependencies org.scala-tools.sbt#boot-scala;1.0->org.scala-lang#scala-library;2.9.0 [default->compile]
loadData of org.scala-lang#scala-library;2.9.0 of rootConf=default
default is loaded and no conf to load.  Skip loading
== resolving dependencies org.scala-tools.sbt#boot-scala;1.0->org.scala-lang#scala-library;2.9.0 [default->master]
loadData of org.scala-lang#scala-library;2.9.0 of rootConf=default
default is loaded and no conf to load.  Skip loading
Nbr of module to sort : 2
Sort dependencies of : org.scala-lang#scala-compiler;2.9.0 / Number of dependencies = 2
Sort dependencies of : org.scala-lang#scala-library;2.9.0 / Number of dependencies = 0
Sort done for : org.scala-lang#scala-library;2.9.0
Sort done for : org.scala-lang#scala-compiler;2.9.0
Module descriptor is processed : org.scala-lang#scala-library;2.9.0
	resolved ivy file produced in C:\Users\Steve\.ivy2\cache\resolved-org.scala-tools.sbt-boot-scala-1.0.xml
:: downloading artifacts ::
	 trying http://repo1.maven.org/maven2/org/scala-lang/scala-compiler/2.9.0/scala-compiler-2.9.0.jar
		tried http://repo1.maven.org/maven2/org/scala-lang/scala-compiler/2.9.0/scala-compiler-2.9.0.jar
downloading http://repo1.maven.org/maven2/org/scala-lang/scala-compiler/2.9.0/scala-compiler-2.9.0.jar ...
	Maven Central: downloading http://repo1.maven.org/maven2/org/scala-lang/scala-compiler/2.9.0/scala-compiler-2.9.0.jar
		to C:\Users\Steve\.ivy2\cache\org.scala-lang\scala-compiler\jars\scala-compiler-2.9.0.jar.part
	[SUCCESSFUL ] org.scala-lang#scala-compiler;2.9.0!scala-compiler.jar (10546ms)
	 trying http://repo1.maven.org/maven2/org/scala-lang/scala-library/2.9.0/scala-library-2.9.0.jar
		tried http://repo1.maven.org/maven2/org/scala-lang/scala-library/2.9.0/scala-library-2.9.0.jar
downloading http://repo1.maven.org/maven2/org/scala-lang/scala-library/2.9.0/scala-library-2.9.0.jar ...
	Maven Central: downloading http://repo1.maven.org/maven2/org/scala-lang/scala-library/2.9.0/scala-library-2.9.0.jar
		to C:\Users\Steve\.ivy2\cache\org.scala-lang\scala-library\jars\scala-library-2.9.0.jar.part
	[SUCCESSFUL ] org.scala-lang#scala-library;2.9.0!scala-library.jar (7494ms)
:: resolution report :: resolve 5038ms :: artifacts dl 18102ms
Nbr of module to sort : 2
Sort dependencies of : org.scala-lang#scala-compiler;2.9.0 / Number of dependencies = 2
Sort dependencies of : org.scala-lang#scala-library;2.9.0 / Number of dependencies = 0
Sort done for : org.scala-lang#scala-library;2.9.0
Sort done for : org.scala-lang#scala-compiler;2.9.0
Module descriptor is processed : org.scala-lang#scala-library;2.9.0
	report for org.scala-tools.sbt#boot-scala;1.0 default produced in C:\Users\Steve\.ivy2\cache\org.scala-tools.sbt-boot-scala-default.xml
	resolve done (5038ms resolve - 18102ms download)
:: retrieving :: org.scala-tools.sbt#boot-scala
	checkUpToDate=true
no explicit confs given for retrieve, using ivy file: C:\Users\Steve\.ivy2\cache\resolved-org.scala-tools.sbt-boot-scala-1.0.xml
using ivy parser to parse C:\Users\Steve\.ivy2\cache\resolved-org.scala-tools.sbt-boot-scala-1.0.xml
post 1.3 ivy file: using exact as default matcher
	confs: [default]
	retrieving C:\Users\Steve\.ivy2\cache\org.scala-lang\scala-library\jars\scala-library-2.9.0.jar
		to C:\Users\Steve\IdeaProjects\ParserCombinators\MuellerScript\project\boot\scala-2.9.0\lib\scala-library.jar
	retrieving C:\Users\Steve\.ivy2\cache\org.scala-lang\scala-compiler\jars\scala-compiler-2.9.0.jar
		to C:\Users\Steve\IdeaProjects\ParserCombinators\MuellerScript\project\boot\scala-2.9.0\lib\scala-compiler.jar
	2 artifacts copied, 0 already retrieved (20184kB/210ms)
	retrieve done (210ms)
